{
  "RSpec": {
    "coverage": {
      "/Users/oluwafunmilayoadewodu/projects/Tech_tests/bank_tech_test/spec/bank_account_spec.rb": [
        1,
        null,
        1,
        9,
        9,
        9,
        9,
        4,
        3,
        6,
        3,
        null,
        1,
        1,
        1,
        null,
        null,
        1,
        1,
        null,
        null,
        null,
        1,
        4,
        null,
        1,
        1,
        6,
        null,
        null,
        1,
        4,
        null,
        null,
        1,
        4,
        null,
        null,
        1,
        1,
        1,
        null,
        null,
        null,
        null,
        1,
        3,
        3,
        null,
        1,
        1,
        2,
        2,
        4,
        null,
        null,
        1,
        4,
        null,
        null,
        1,
        1,
        1,
        null,
        null,
        null,
        null,
        1,
        1,
        1,
        1,
        null,
        null,
        null
      ],
      "/Users/oluwafunmilayoadewodu/projects/Tech_tests/bank_tech_test/lib/bank_account.rb": [
        1,
        1,
        1,
        null,
        1,
        1,
        null,
        1,
        null,
        1,
        8,
        8,
        8,
        8,
        8,
        8,
        null,
        null,
        1,
        5,
        5,
        5,
        null,
        null,
        1,
        2,
        2,
        2,
        null,
        null,
        1,
        1,
        null,
        null
      ],
      "/Users/oluwafunmilayoadewodu/projects/Tech_tests/bank_tech_test/lib/credit.rb": [
        1,
        1,
        null,
        1,
        4,
        4,
        4,
        null,
        null,
        1,
        1,
        null,
        null
      ],
      "/Users/oluwafunmilayoadewodu/projects/Tech_tests/bank_tech_test/lib/debit.rb": [
        1,
        1,
        null,
        1,
        4,
        4,
        4,
        null,
        null,
        1,
        1,
        null,
        null
      ],
      "/Users/oluwafunmilayoadewodu/projects/Tech_tests/bank_tech_test/lib/printer.rb": [
        1,
        null,
        1,
        6,
        2,
        null,
        null,
        1,
        1,
        1,
        2,
        1,
        1,
        null,
        1,
        1,
        null,
        null,
        1,
        null,
        null,
        null
      ],
      "/Users/oluwafunmilayoadewodu/projects/Tech_tests/bank_tech_test/spec/credit_spec.rb": [
        1,
        null,
        1,
        5,
        5,
        5,
        null,
        1,
        1,
        null,
        null,
        1,
        1,
        null,
        null,
        1,
        1,
        null,
        null,
        1,
        1,
        null,
        null
      ],
      "/Users/oluwafunmilayoadewodu/projects/Tech_tests/bank_tech_test/spec/debit_spec.rb": [
        1,
        null,
        1,
        5,
        5,
        5,
        null,
        1,
        1,
        null,
        null,
        1,
        1,
        null,
        null,
        1,
        1,
        null,
        null,
        1,
        1,
        null,
        null
      ],
      "/Users/oluwafunmilayoadewodu/projects/Tech_tests/bank_tech_test/spec/printer_spec.rb": [
        1,
        null,
        1,
        3,
        3,
        3,
        2,
        null,
        1,
        1,
        1,
        1,
        1,
        null,
        null,
        null,
        1,
        1,
        null,
        null
      ]
    },
    "timestamp": 1504715719
  }
}
